{"C:\\Users\\HP\\Desktop\\tms-project1\\backend\\src\\middlewares\\rbac.middleware.js": {"path":"C:\\Users\\HP\\Desktop\\tms-project1\\backend\\src\\middlewares\\rbac.middleware.js","statementMap":{"0":{"start":{"line":1,"column":0},"end":{"line":9,"column":2}},"1":{"start":{"line":2,"column":4},"end":{"line":8,"column":6}},"2":{"start":{"line":3,"column":8},"end":{"line":3,"column":96}},"3":{"start":{"line":3,"column":23},"end":{"line":3,"column":96}},"4":{"start":{"line":4,"column":8},"end":{"line":6,"column":9}},"5":{"start":{"line":5,"column":12},"end":{"line":5,"column":96}},"6":{"start":{"line":7,"column":8},"end":{"line":7,"column":15}}},"fnMap":{"0":{"name":"requireRole","decl":{"start":{"line":1,"column":26},"end":{"line":1,"column":37}},"loc":{"start":{"line":1,"column":55},"end":{"line":9,"column":1}},"line":1},"1":{"name":"(anonymous_1)","decl":{"start":{"line":2,"column":11},"end":{"line":2,"column":12}},"loc":{"start":{"line":2,"column":31},"end":{"line":8,"column":5}},"line":2}},"branchMap":{"0":{"loc":{"start":{"line":3,"column":8},"end":{"line":3,"column":96}},"type":"if","locations":[{"start":{"line":3,"column":8},"end":{"line":3,"column":96}},{"start":{},"end":{}}],"line":3},"1":{"loc":{"start":{"line":4,"column":8},"end":{"line":6,"column":9}},"type":"if","locations":[{"start":{"line":4,"column":8},"end":{"line":6,"column":9}},{"start":{},"end":{}}],"line":4}},"s":{"0":1,"1":3,"2":3,"3":1,"4":2,"5":1,"6":1},"f":{"0":3,"1":3},"b":{"0":[1,2],"1":[1,1]},"_coverageSchema":"1a1c01bbd47fc00a2c39e90264f33305004495a9","hash":"0b06914285d2df107867a9ede58fa30c8fe6b539"}
,"C:\\Users\\HP\\Desktop\\tms-project1\\backend\\src\\modules\\users\\users.validation.js": {"path":"C:\\Users\\HP\\Desktop\\tms-project1\\backend\\src\\modules\\users\\users.validation.js","statementMap":{"0":{"start":{"line":1,"column":12},"end":{"line":1,"column":26}},"1":{"start":{"line":3,"column":0},"end":{"line":7,"column":3}},"2":{"start":{"line":9,"column":0},"end":{"line":13,"column":10}}},"fnMap":{},"branchMap":{},"s":{"0":1,"1":1,"2":1},"f":{},"b":{},"_coverageSchema":"1a1c01bbd47fc00a2c39e90264f33305004495a9","hash":"3d5e5b63554ba4e720aaa1a252efd44b5d69ca23"}
,"C:\\Users\\HP\\Desktop\\tms-project1\\backend\\src\\utils\\password.util.js": {"path":"C:\\Users\\HP\\Desktop\\tms-project1\\backend\\src\\utils\\password.util.js","statementMap":{"0":{"start":{"line":1,"column":15},"end":{"line":1,"column":32}},"1":{"start":{"line":2,"column":20},"end":{"line":2,"column":22}},"2":{"start":{"line":4,"column":0},"end":{"line":4,"column":66}},"3":{"start":{"line":4,"column":34},"end":{"line":4,"column":65}},"4":{"start":{"line":5,"column":0},"end":{"line":5,"column":71}},"5":{"start":{"line":5,"column":43},"end":{"line":5,"column":70}}},"fnMap":{"0":{"name":"(anonymous_0)","decl":{"start":{"line":4,"column":23},"end":{"line":4,"column":24}},"loc":{"start":{"line":4,"column":34},"end":{"line":4,"column":65}},"line":4},"1":{"name":"(anonymous_1)","decl":{"start":{"line":5,"column":26},"end":{"line":5,"column":27}},"loc":{"start":{"line":5,"column":43},"end":{"line":5,"column":70}},"line":5}},"branchMap":{},"s":{"0":1,"1":1,"2":1,"3":2,"4":1,"5":2},"f":{"0":2,"1":2},"b":{},"_coverageSchema":"1a1c01bbd47fc00a2c39e90264f33305004495a9","hash":"d7da4fbeb03281f9c30b7d6ded1c5fb634a59831"}
}
