TN:
SF:backend\src\middlewares\rbac.middleware.js
FN:1,requireRole
FN:2,(anonymous_1)
FNF:2
FNH:2
FNDA:3,requireRole
FNDA:3,(anonymous_1)
DA:1,1
DA:2,3
DA:3,3
DA:4,2
DA:5,1
DA:7,1
LF:6
LH:6
BRDA:3,0,0,1
BRDA:3,0,1,2
BRDA:4,1,0,1
BRDA:4,1,1,1
BRF:4
BRH:4
end_of_record
TN:
SF:backend\src\modules\users\users.validation.js
FNF:0
FNH:0
DA:1,1
DA:3,1
DA:9,1
LF:3
LH:3
BRF:0
BRH:0
end_of_record
TN:
SF:backend\src\utils\password.util.js
FN:4,(anonymous_0)
FN:5,(anonymous_1)
FNF:2
FNH:2
FNDA:2,(anonymous_0)
FNDA:2,(anonymous_1)
DA:1,1
DA:2,1
DA:4,2
DA:5,2
LF:4
LH:4
BRF:0
BRH:0
end_of_record
